Expecting protoc version >= 3.5.0:
libprotoc 3.5.1
~/ws/marathon-xds/protobufs ~/ws/marathon-xds
Expecting to find data-plane-api submodule...
~/ws/marathon-xds/protobufs/data-plane-api ~/ws/marathon-xds/protobufs ~/ws/marathon-xds
commit 724c6c1ffadbeb1e0904bdaba55091a67563ab52
Author: Sylvain Mellak <syml@users.noreply.github.com>
Date:   Mon Feb 5 14:04:04 2018 -0800

    address.proto: added doc for abstract sockets (#462)
    
    Signed-off-by: Sylvain Mellak <sylvainm@google.com>
~/ws/marathon-xds/protobufs ~/ws/marathon-xds
~/ws/marathon-xds/protobufs/deps ~/ws/marathon-xds/protobufs ~/ws/marathon-xds
Expecting to find com_github_gogo_protobuf submodule...
~/ws/marathon-xds/protobufs/deps/com_github_gogo_protobuf ~/ws/marathon-xds/protobufs/deps ~/ws/marathon-xds/protobufs ~/ws/marathon-xds
commit 342cbe0a04158f6dcb03ca0079991a51a4248c02
Merge: c7dcdf97 fcd7b141
Author: Walter Schulze <awalterschulze@gmail.com>
Date:   Sat Oct 7 16:25:47 2017 +0200

    Merge pull request #343 from gogo/nounsafe
    
    No unsafe
~/ws/marathon-xds/protobufs/deps ~/ws/marathon-xds/protobufs ~/ws/marathon-xds
Expecting to find com_lyft_protoc_gen_validate submodule...
~/ws/marathon-xds/protobufs/deps/com_lyft_protoc_gen_validate ~/ws/marathon-xds/protobufs/deps ~/ws/marathon-xds/protobufs ~/ws/marathon-xds
commit bd6d057e957fe184dfe76805951803af153be497
Author: Piotr Sikora <piotrsikora@google.com>
Date:   Wed Dec 20 20:03:03 2017 -0800

    templates: add "inline" C++ keyword. (#46)
    
    Signed-off-by: Piotr Sikora <piotrsikora@google.com>
~/ws/marathon-xds/protobufs/deps ~/ws/marathon-xds/protobufs ~/ws/marathon-xds
Expecting to find googleapis submodule...
~/ws/marathon-xds/protobufs/deps/googleapis ~/ws/marathon-xds/protobufs/deps ~/ws/marathon-xds/protobufs ~/ws/marathon-xds
commit 5c6df0cd18c6a429eab739fb711c27f6e1393366
Author: Google APIs <googleapis-publisher@google.com>
Date:   Thu May 11 15:03:00 2017 -0700

    Synchronize new proto changes.
~/ws/marathon-xds/protobufs/deps ~/ws/marathon-xds/protobufs ~/ws/marathon-xds
~/ws/marathon-xds/protobufs ~/ws/marathon-xds
Expecting to find googleapis submodule...
~/ws/marathon-xds/protobufs/protobuf ~/ws/marathon-xds/protobufs ~/ws/marathon-xds
commit 860bd12fec5c69e6529565165532b3d5108a7d97
Author: Bo Yang <teboring@google.com>
Date:   Fri Jan 5 13:42:10 2018 -0800

    Update version number to 3.5.1.1
~/ws/marathon-xds/protobufs ~/ws/marathon-xds
~/ws/marathon-xds
Generating data-plane-api protos...
Generating protobuf protos...
